<?xml version="1.0" encoding="UTF-8"?>
<!-- Generated by org.testng.reporters.JUnitReportReporter -->
<testsuite hostname="DESKTOP-GHDB9E9" failures="0" tests="3" name="testng.TestNgPriorities" time="0.005" errors="0" timestamp="16 Apr 2022 05:15:12 GMT" skipped="0">
  <testcase classname="testng.TestNgPriorities" name="registerAnAccount" time="0.002"/>
  <testcase classname="testng.TestNgPriorities" name="login" time="0.001"/>
  <testcase classname="testng.TestNgPriorities" name="sendAnEmail" time="0.002"/>
</testsuite> <!-- testng.TestNgPriorities -->
