<?xml version="1.0" encoding="UTF-8"?>
<!-- Generated by org.testng.reporters.JUnitReportReporter -->
<testsuite hostname="DESKTOP-GHDB9E9" failures="0" tests="1" name="pack1.Sikuli" time="9.741" errors="1" timestamp="01 Jun 2022 05:23:02 GMT" skipped="0">
  <testcase classname="pack1.Sikuli" name="uploadFile" time="9.741">
    <error message="C:\Users\Admin\Desktop//FileOpenInput.PNG: (520x64) in R[0,0 1280x720]@S(0)" type="org.sikuli.script.FindFailed">
      <![CDATA[FindFailed: C:\Users\Admin\Desktop//FileOpenInput.PNG: (520x64) in R[0,0 1280x720]@S(0)
  Line 2222, in file Region.java

at org.sikuli.script.Region.wait(Region.java:2222)
at org.sikuli.script.Region.wait(Region.java:2240)
at org.sikuli.script.Region.getLocationFromTarget(Region.java:3188)
at org.sikuli.script.Region.click(Region.java:3806)
at org.sikuli.script.Region.keyin(Region.java:4480)
at org.sikuli.script.Region.type(Region.java:4443)
at pack1.Sikuli.uploadFile(Sikuli.java:25)
at java.base/jdk.internal.reflect.NativeMethodAccessorImpl.invoke0(Native Method)
at java.base/jdk.internal.reflect.NativeMethodAccessorImpl.invoke(NativeMethodAccessorImpl.java:62)
at java.base/jdk.internal.reflect.DelegatingMethodAccessorImpl.invoke(DelegatingMethodAccessorImpl.java:43)
at java.base/java.lang.reflect.Method.invoke(Method.java:564)
at org.testng.internal.MethodInvocationHelper.invokeMethod(MethodInvocationHelper.java:124)
at org.testng.internal.Invoker.invokeMethod(Invoker.java:583)
at org.testng.internal.Invoker.invokeTestMethod(Invoker.java:719)
at org.testng.internal.Invoker.invokeTestMethods(Invoker.java:989)
at org.testng.internal.TestMethodWorker.invokeTestMethods(TestMethodWorker.java:125)
at org.testng.internal.TestMethodWorker.run(TestMethodWorker.java:109)
at org.testng.TestRunner.privateRun(TestRunner.java:648)
at org.testng.TestRunner.run(TestRunner.java:505)
at org.testng.SuiteRunner.runTest(SuiteRunner.java:455)
at org.testng.SuiteRunner.runSequentially(SuiteRunner.java:450)
at org.testng.SuiteRunner.privateRun(SuiteRunner.java:415)
at org.testng.SuiteRunner.run(SuiteRunner.java:364)
at org.testng.SuiteRunnerWorker.runSuite(SuiteRunnerWorker.java:52)
at org.testng.SuiteRunnerWorker.run(SuiteRunnerWorker.java:84)
at org.testng.TestNG.runSuitesSequentially(TestNG.java:1208)
at org.testng.TestNG.runSuitesLocally(TestNG.java:1137)
at org.testng.TestNG.runSuites(TestNG.java:1049)
at org.testng.TestNG.run(TestNG.java:1017)
at org.testng.remote.AbstractRemoteTestNG.run(AbstractRemoteTestNG.java:115)
at org.testng.remote.RemoteTestNG.initAndRun(RemoteTestNG.java:251)
at org.testng.remote.RemoteTestNG.main(RemoteTestNG.java:77)
]]>
    </error>
  </testcase> <!-- uploadFile -->
</testsuite> <!-- pack1.Sikuli -->
