<?xml version="1.0" encoding="UTF-8"?>
<!-- Generated by org.testng.reporters.JUnitReportReporter -->
<testsuite hostname="DESKTOP-GHDB9E9" failures="0" tests="4" name="TestNgAnnotations.Groups" time="0.004" errors="0" timestamp="01 Jun 2022 06:29:26 GMT" skipped="1">
  <testcase classname="TestNgAnnotations.Groups" name="testCase1" time="0.001"/>
  <testcase classname="TestNgAnnotations.Groups" name="testCase3" time="0.002"/>
  <testcase classname="TestNgAnnotations.Groups" name="testCase2" time="0.001"/>
  <testcase classname="TestNgAnnotations.Groups" name="testCase4">
    <skipped/>
  </testcase> <!-- testCase4 -->
</testsuite> <!-- TestNgAnnotations.Groups -->
