<?xml version="1.0" encoding="UTF-8"?>
<!-- Generated by org.testng.reporters.JUnitReportReporter -->
<testsuite hostname="DESKTOP-GHDB9E9" failures="0" tests="3" name="TestNgAnnotations.Dependency" time="0.009" errors="0" timestamp="01 Jun 2022 06:29:26 GMT" skipped="0">
  <testcase classname="TestNgAnnotations.Dependency" name="SignIn" time="0.001"/>
  <testcase classname="TestNgAnnotations.Dependency" name="LogOut" time="0.001"/>
  <testcase classname="TestNgAnnotations.Dependency" name="OpenBrowser" time="0.007"/>
</testsuite> <!-- TestNgAnnotations.Dependency -->
