<?xml version="1.0" encoding="UTF-8"?>
<!-- Generated by org.testng.reporters.JUnitReportReporter -->
<testsuite skipped="1" hostname="SUBHASHA-PC" name="testng.Groups" tests="4" failures="0" timestamp="07 Jul 2022 09:02:02 GMT" time="0.039" errors="0">
  <testcase name="testCase2" time="0.002" classname="testng.Groups"/>
  <testcase name="testCase1" time="0.035" classname="testng.Groups"/>
  <testcase name="testCase3" time="0.002" classname="testng.Groups"/>
  <testcase name="testCase4" classname="testng.Groups">
    <skipped/>
  </testcase> <!-- testCase4 -->
</testsuite> <!-- testng.Groups -->
