<?xml version="1.0" encoding="UTF-8"?>
<!-- Generated by org.testng.reporters.JUnitReportReporter -->
<testsuite hostname="DESKTOP-GHDB9E9" failures="0" tests="7" name="testng.DataProviderExample" time="69.363" errors="0" timestamp="27 May 2022 02:25:19 GMT" skipped="0">
  <testcase classname="testng.DataProviderExample" name="testSearchCountry" time="9.301"/>
  <testcase classname="testng.DataProviderExample" name="testSearchCountry" time="10.237"/>
  <testcase classname="testng.DataProviderExample" name="testSearchCountry" time="8.067"/>
  <testcase classname="testng.DataProviderExample" name="testSearchCountry" time="8.665"/>
  <testcase classname="testng.DataProviderExample" name="testSearchCountry" time="13.966"/>
  <testcase classname="testng.DataProviderExample" name="testSearchCountry" time="10.623"/>
  <testcase classname="testng.DataProviderExample" name="testSearchCountry" time="8.504"/>
</testsuite> <!-- testng.DataProviderExample -->
