<?xml version="1.0" encoding="UTF-8"?>
<!-- Generated by org.testng.reporters.JUnitReportReporter -->
<testsuite hostname="DESKTOP-GHDB9E9" failures="0" tests="3" name="testng.Priorities" time="0.016" errors="0" timestamp="15 Apr 2022 04:35:32 GMT" skipped="0">
  <testcase classname="testng.Priorities" name="registerAccount" time="0.010"/>
  <testcase classname="testng.Priorities" name="login" time="0.004"/>
  <testcase classname="testng.Priorities" name="sendEmail" time="0.002"/>
</testsuite> <!-- testng.Priorities -->
