<?xml version="1.0" encoding="UTF-8"?>
<!-- Generated by org.testng.reporters.JUnitReportReporter -->
<testsuite hostname="DESKTOP-GHDB9E9" failures="0" tests="3" name="TestNgAnnotations.TestNgAnnotations" time="0.001" errors="0" timestamp="01 Jun 2022 06:29:26 GMT" skipped="1">
  <testcase classname="TestNgAnnotations.TestNgAnnotations" name="testCase1" time="0.001"/>
  <testcase classname="TestNgAnnotations.TestNgAnnotations" name="testCase3" time="0.000"/>
  <testcase classname="TestNgAnnotations.TestNgAnnotations" name="testCase2">
    <skipped/>
  </testcase> <!-- testCase2 -->
</testsuite> <!-- TestNgAnnotations.TestNgAnnotations -->
