<?xml version="1.0" encoding="UTF-8"?>
<!-- Generated by org.testng.reporters.JUnitReportReporter -->
<testsuite hostname="DESKTOP-GHDB9E9" failures="0" tests="2" name="testng.NewTest" time="0.009" errors="0" timestamp="13 Apr 2022 05:11:54 GMT" skipped="0">
  <testcase classname="testng.NewTest" name="testCase2" time="0.003"/>
  <testcase classname="testng.NewTest" name="testCase1" time="0.006"/>
</testsuite> <!-- testng.NewTest -->
