<?xml version="1.0" encoding="UTF-8"?>
<!-- Generated by org.testng.reporters.JUnitReportReporter -->
<testsuite hostname="DESKTOP-GHDB9E9" failures="0" tests="2" name="testng.TestNgAnnotations" time="0.023" errors="0" timestamp="16 Apr 2022 05:15:12 GMT" skipped="0">
  <testcase classname="testng.TestNgAnnotations" name="testCase2" time="0.018"/>
  <testcase classname="testng.TestNgAnnotations" name="testCase1" time="0.005"/>
</testsuite> <!-- testng.TestNgAnnotations -->
